<?xml version="1.0" encoding="UTF-8"?>
<testsuite name="co.com.red5g.patronscreenplay.runners.CargarEnChequeoRunners" tests="0" skipped="0" failures="0" errors="0" timestamp="1970-01-01T00:00:00" hostname="DESKTOP-ADB7OQB" time="0.0">
  <properties/>
  <system-out><![CDATA[Feature from file:///C:/Users/RED5G/Desktop/Docs/Proyectos/patronscreenplay/src/test/resources/features/chequeo.feature

1 Scenarios (?[32m1 passed?[0m)
3 Steps (?[32m3 passed?[0m)
0m10,674s


]]></system-out>
  <system-err><![CDATA[SLF4J: Failed to load class "org.slf4j.impl.StaticLoggerBinder".
SLF4J: Defaulting to no-operation (NOP) logger implementation
SLF4J: See http://www.slf4j.org/codes.html#StaticLoggerBinder for further details.
]]></system-err>
</testsuite>
